Using pre-set license

 COMMAND LINE ARGUMENTS:
/Applications/Unity/Hub/Editor/2020.3.11f1/Unity.app/Contents/MacOS/Unity
-adb2
-batchMode
-noUpm
-name
AssetImportWorker0
-projectPath
/Users/tarunvadapalli/Documents/Git/CricketVR
-logFile
Logs/AssetImportWorker0.log
-srvPort
50575
Successfully changed project path to: /Users/tarunvadapalli/Documents/Git/CricketVR
/Users/tarunvadapalli/Documents/Git/CricketVR
Using Asset Import Pipeline V2.
Refreshing native plugins compatible for Editor in 156.08 ms, found 6 plugins.
Preloading 1 native plugins for Editor in 16.64 ms.
Initialize engine version: 2020.3.11f1 (99c7afb366b3)
[Subsystems] Discovering subsystems at path /Applications/Unity/Hub/Editor/2020.3.11f1/Unity.app/Contents/Resources/UnitySubsystems
[Subsystems] Discovering subsystems at path /Users/tarunvadapalli/Documents/Git/CricketVR/Assets
GfxDevice: creating device client; threaded=0
2021-08-18 15:00:40.680 Unity[3046:28881] Color LCD preferred device: NVIDIA GeForce GT 650M (high power)
2021-08-18 15:00:40.680 Unity[3046:28881] Metal devices available: 2
2021-08-18 15:00:40.680 Unity[3046:28881] 0: NVIDIA GeForce GT 650M (high power)
2021-08-18 15:00:40.680 Unity[3046:28881] 1: Intel HD Graphics 4000 (low power)
2021-08-18 15:00:40.682 Unity[3046:28881] Using device NVIDIA GeForce GT 650M (high power)
Initializing Metal device caps: NVIDIA GeForce GT 650M
Shader 'Oculus/OVRMRCameraFrameLit': fallback shader 'Alpha-Diffuse' not found
Initialize mono
Mono path[0] = '/Applications/Unity/Hub/Editor/2020.3.11f1/Unity.app/Contents/Managed'
Mono path[1] = '/Applications/Unity/Hub/Editor/2020.3.11f1/Unity.app/Contents/MonoBleedingEdge/lib/mono/unityjit'
Mono config path = '/Applications/Unity/Hub/Editor/2020.3.11f1/Unity.app/Contents/MonoBleedingEdge/etc'
Using monoOptions --debugger-agent=transport=dt_socket,embedding=1,server=y,suspend=n,address=127.0.0.1:56046
Begin MonoManager ReloadAssembly
Registering precompiled unity dll's ...
Register platform support module: /Applications/Unity/Hub/Editor/2020.3.11f1/Unity.app/Contents/PlaybackEngines/MacStandaloneSupport/UnityEditor.OSXStandalone.Extensions.dll
Registered in 0.000833 seconds.
Native extension for OSXStandalone target not found
Refreshing native plugins compatible for Editor in 123.82 ms, found 6 plugins.
Preloading 1 native plugins for Editor in 0.83 ms.
Mono: successfully reloaded assembly
- Completed reload, in  5.322 seconds
Platform modules already initialized, skipping
Registering precompiled user dll's ...
Registered in 0.007789 seconds.
Begin MonoManager ReloadAssembly
Native extension for OSXStandalone target not found
Refreshing native plugins compatible for Editor in 1.88 ms, found 6 plugins.
Preloading 1 native plugins for Editor in 0.71 ms.
Mono: successfully reloaded assembly
- Completed reload, in  2.301 seconds
Platform modules already initialized, skipping
========================================================================
Worker process is ready to serve import requests
Shader 'Oculus/OVRMRCameraFrameLit': fallback shader 'Alpha-Diffuse' not found
Launching external process: /Applications/Unity/Hub/Editor/2020.3.11f1/Unity.app/Contents/Tools/UnityShaderCompiler
Launched and connected shader compiler UnityShaderCompiler after 0.02 seconds
Refreshing native plugins compatible for Editor in 2.05 ms, found 6 plugins.
Preloading 1 native plugins for Editor in 0.77 ms.
Unloading 2935 Unused Serialized files (Serialized files now loaded: 0)
System memory in use before: 215.7 MB.
System memory in use after: 215.6 MB.

Unloading 84 unused Assets to reduce memory usage. Loaded Objects now: 3320.
Total: 8.729662 ms (FindLiveObjects: 0.438733 ms CreateObjectMapping: 0.149461 ms MarkObjects: 7.666992 ms  DeleteObjects: 0.472552 ms)

========================================================================
Received Import Request.
  path: Assets/Resources/Animations/Stop Running.anim
  artifactKey: Guid(ed2ae1272497f4fe2845dd6643208e4a) Importer(815301076,1909f56bfc062723c751e8b465ee728b)
Start importing Assets/Resources/Animations/Stop Running.anim using Guid(ed2ae1272497f4fe2845dd6643208e4a) Importer(815301076,1909f56bfc062723c751e8b465ee728b)  -> (artifact id: 'db8772602ea5df080757756a04bd3a1d') in 0.466388 seconds
  Import took 0.473032 seconds .

========================================================================
Received Import Request.
  Time since last request: 270.489014 seconds.
  path: Assets/Resources/Animations/Start Running.anim
  artifactKey: Guid(02784c6d54e61472cb9a4bbd132a26bc) Importer(815301076,1909f56bfc062723c751e8b465ee728b)
Start importing Assets/Resources/Animations/Start Running.anim using Guid(02784c6d54e61472cb9a4bbd132a26bc) Importer(815301076,1909f56bfc062723c751e8b465ee728b)  -> (artifact id: 'a7c9900edf627fe4edfa32cd75315b4b') in 0.007789 seconds
  Import took 0.013831 seconds .

========================================================================
Received Import Request.
  Time since last request: 0.004245 seconds.
  path: Assets/Resources/Animations/Start Running.anim
  artifactKey: Guid(02784c6d54e61472cb9a4bbd132a26bc) Importer(815301076,1909f56bfc062723c751e8b465ee728b)
Start importing Assets/Resources/Animations/Start Running.anim using Guid(02784c6d54e61472cb9a4bbd132a26bc) Importer(815301076,1909f56bfc062723c751e8b465ee728b)  -> (artifact id: 'a7c9900edf627fe4edfa32cd75315b4b') in 0.006967 seconds
  Import took 0.013334 seconds .

========================================================================
Received Import Request.
  Time since last request: 62.942907 seconds.
  path: Assets/Resources/Animations/Fielder Controller.controller
  artifactKey: Guid(1b3205b57a9324cfcb2c4b8528bbfd8d) Importer(815301076,1909f56bfc062723c751e8b465ee728b)
Start importing Assets/Resources/Animations/Fielder Controller.controller using Guid(1b3205b57a9324cfcb2c4b8528bbfd8d) Importer(815301076,1909f56bfc062723c751e8b465ee728b)  -> (artifact id: 'e76432153dd8260b941408e16f5bec33') in 0.278375 seconds
  Import took 0.285763 seconds .

========================================================================
Received Prepare
Registering precompiled user dll's ...
Registered in 0.006790 seconds.
Begin MonoManager ReloadAssembly
Native extension for OSXStandalone target not found
Refreshing native plugins compatible for Editor in 1.64 ms, found 6 plugins.
Preloading 1 native plugins for Editor in 0.68 ms.
Mono: successfully reloaded assembly
- Completed reload, in  1.869 seconds
Platform modules already initialized, skipping
Switching build target platform(2) subTarget(0) extendedPlatform(0) -> platform(13) subTarget(524288) extendedPlatform(0)
Shader 'Oculus/OVRMRCameraFrameLit': fallback shader 'Alpha-Diffuse' not found
Refreshing native plugins compatible for Editor in 1.76 ms, found 6 plugins.
Preloading 1 native plugins for Editor in 0.69 ms.
Unloading 2844 Unused Serialized files (Serialized files now loaded: 0)
System memory in use before: 217.7 MB.
System memory in use after: 217.7 MB.

Unloading 75 unused Assets to reduce memory usage. Loaded Objects now: 3324.
Total: 7.842090 ms (FindLiveObjects: 0.367917 ms CreateObjectMapping: 0.142966 ms MarkObjects: 6.893934 ms  DeleteObjects: 0.435843 ms)

AssetImportParameters requested are different than current active one (requested -> active):
  custom:graphics/normal-map-encoding: 01000000000000000000000000000000 -> 02000000000000000000000000000000
========================================================================
Received Prepare
Registering precompiled user dll's ...
Registered in 0.018326 seconds.
Begin MonoManager ReloadAssembly
Native extension for OSXStandalone target not found
Refreshing native plugins compatible for Editor in 1.67 ms, found 6 plugins.
Preloading 1 native plugins for Editor in 0.70 ms.
Mono: successfully reloaded assembly
- Completed reload, in  1.820 seconds
Platform modules already initialized, skipping
Switching build target platform(2) subTarget(0) extendedPlatform(0) -> platform(13) subTarget(524288) extendedPlatform(0)
Shader 'Oculus/OVRMRCameraFrameLit': fallback shader 'Alpha-Diffuse' not found
Refreshing native plugins compatible for Editor in 1.68 ms, found 6 plugins.
Preloading 1 native plugins for Editor in 0.67 ms.
Unloading 2844 Unused Serialized files (Serialized files now loaded: 0)
System memory in use before: 218.0 MB.
System memory in use after: 217.9 MB.

Unloading 75 unused Assets to reduce memory usage. Loaded Objects now: 3328.
Total: 8.758867 ms (FindLiveObjects: 0.367410 ms CreateObjectMapping: 0.134430 ms MarkObjects: 7.742840 ms  DeleteObjects: 0.511846 ms)

AssetImportParameters requested are different than current active one (requested -> active):
  custom:graphics/normal-map-encoding: 01000000000000000000000000000000 -> 02000000000000000000000000000000
========================================================================
Received Prepare
Registering precompiled user dll's ...
Registered in 0.018397 seconds.
Begin MonoManager ReloadAssembly
Native extension for OSXStandalone target not found
Refreshing native plugins compatible for Editor in 1.70 ms, found 6 plugins.
Preloading 1 native plugins for Editor in 1.24 ms.
Mono: successfully reloaded assembly
- Completed reload, in  2.109 seconds
Platform modules already initialized, skipping
Switching build target platform(2) subTarget(0) extendedPlatform(0) -> platform(13) subTarget(524288) extendedPlatform(0)
Shader 'Oculus/OVRMRCameraFrameLit': fallback shader 'Alpha-Diffuse' not found
Refreshing native plugins compatible for Editor in 1.68 ms, found 6 plugins.
Preloading 1 native plugins for Editor in 0.76 ms.
Unloading 2844 Unused Serialized files (Serialized files now loaded: 0)
System memory in use before: 218.3 MB.
System memory in use after: 218.2 MB.

Unloading 75 unused Assets to reduce memory usage. Loaded Objects now: 3332.
Total: 8.165045 ms (FindLiveObjects: 0.487148 ms CreateObjectMapping: 0.136340 ms MarkObjects: 7.014464 ms  DeleteObjects: 0.525500 ms)

AssetImportParameters requested are different than current active one (requested -> active):
  custom:graphics/normal-map-encoding: 01000000000000000000000000000000 -> 02000000000000000000000000000000
========================================================================
Received Prepare
Registering precompiled user dll's ...
Registered in 0.008605 seconds.
Begin MonoManager ReloadAssembly
Native extension for OSXStandalone target not found
Refreshing native plugins compatible for Editor in 2.15 ms, found 6 plugins.
Preloading 1 native plugins for Editor in 0.99 ms.
Mono: successfully reloaded assembly
- Completed reload, in  2.050 seconds
Platform modules already initialized, skipping
Switching build target platform(2) subTarget(0) extendedPlatform(0) -> platform(13) subTarget(524288) extendedPlatform(0)
Shader 'Oculus/OVRMRCameraFrameLit': fallback shader 'Alpha-Diffuse' not found
Refreshing native plugins compatible for Editor in 2.02 ms, found 6 plugins.
Preloading 1 native plugins for Editor in 0.74 ms.
Unloading 2844 Unused Serialized files (Serialized files now loaded: 0)
System memory in use before: 218.5 MB.
System memory in use after: 218.4 MB.

Unloading 75 unused Assets to reduce memory usage. Loaded Objects now: 3336.
Total: 8.292174 ms (FindLiveObjects: 0.368830 ms CreateObjectMapping: 0.132075 ms MarkObjects: 7.223002 ms  DeleteObjects: 0.566288 ms)

AssetImportParameters requested are different than current active one (requested -> active):
  custom:graphics/normal-map-encoding: 01000000000000000000000000000000 -> 02000000000000000000000000000000
========================================================================
Received Prepare
Registering precompiled user dll's ...
Registered in 0.007312 seconds.
Begin MonoManager ReloadAssembly
Native extension for OSXStandalone target not found
Refreshing native plugins compatible for Editor in 1.83 ms, found 6 plugins.
Preloading 1 native plugins for Editor in 0.70 ms.
Mono: successfully reloaded assembly
- Completed reload, in  1.993 seconds
Platform modules already initialized, skipping
Switching build target platform(2) subTarget(0) extendedPlatform(0) -> platform(13) subTarget(524288) extendedPlatform(0)
Shader 'Oculus/OVRMRCameraFrameLit': fallback shader 'Alpha-Diffuse' not found
Refreshing native plugins compatible for Editor in 1.73 ms, found 6 plugins.
Preloading 1 native plugins for Editor in 0.82 ms.
Unloading 2844 Unused Serialized files (Serialized files now loaded: 0)
System memory in use before: 218.7 MB.
System memory in use after: 218.7 MB.

Unloading 75 unused Assets to reduce memory usage. Loaded Objects now: 3340.
Total: 7.823594 ms (FindLiveObjects: 0.383226 ms CreateObjectMapping: 0.135207 ms MarkObjects: 6.792454 ms  DeleteObjects: 0.511148 ms)

AssetImportParameters requested are different than current active one (requested -> active):
  custom:graphics/normal-map-encoding: 01000000000000000000000000000000 -> 02000000000000000000000000000000
========================================================================
Received Prepare
Registering precompiled user dll's ...
Registered in 0.016464 seconds.
Begin MonoManager ReloadAssembly
Native extension for OSXStandalone target not found
Refreshing native plugins compatible for Editor in 1.83 ms, found 6 plugins.
Preloading 1 native plugins for Editor in 1.20 ms.
Mono: successfully reloaded assembly
- Completed reload, in  2.192 seconds
Platform modules already initialized, skipping
Switching build target platform(2) subTarget(0) extendedPlatform(0) -> platform(13) subTarget(524288) extendedPlatform(0)
Shader 'Oculus/OVRMRCameraFrameLit': fallback shader 'Alpha-Diffuse' not found
Refreshing native plugins compatible for Editor in 1.68 ms, found 6 plugins.
Preloading 1 native plugins for Editor in 0.66 ms.
Unloading 2844 Unused Serialized files (Serialized files now loaded: 0)
System memory in use before: 219.0 MB.
System memory in use after: 218.9 MB.

Unloading 75 unused Assets to reduce memory usage. Loaded Objects now: 3344.
Total: 8.022789 ms (FindLiveObjects: 0.493197 ms CreateObjectMapping: 0.133713 ms MarkObjects: 6.841702 ms  DeleteObjects: 0.552457 ms)

AssetImportParameters requested are different than current active one (requested -> active):
  custom:graphics/normal-map-encoding: 01000000000000000000000000000000 -> 02000000000000000000000000000000
